<?xml version="1.0" encoding="UTF-8"?>
<!-- Generated by org.testng.reporters.JUnitReportReporter -->
<testsuite hostname="Dimasiks-MacBook-Pro.local" failures="0" tests="23" name="tests.CalculatorFunctionalityTest" time="28.317" errors="0" timestamp="2021-08-11T18:55:13 EDT" skipped="0">
  <testcase classname="tests.CalculatorFunctionalityTest" name="addTest" time="0.955"/>
  <system-out/>
  <testcase classname="tests.CalculatorFunctionalityTest" name="addTest" time="0.976"/>
  <system-out/>
  <testcase classname="tests.CalculatorFunctionalityTest" name="addTest" time="0.964"/>
  <system-out/>
  <testcase classname="tests.CalculatorFunctionalityTest" name="addTest" time="0.974"/>
  <system-out/>
  <testcase classname="tests.CalculatorFunctionalityTest" name="addTest" time="0.974"/>
  <system-out/>
  <testcase classname="tests.CalculatorFunctionalityTest" name="subtractTest" time="1.025"/>
  <system-out/>
  <testcase classname="tests.CalculatorFunctionalityTest" name="subtractTest" time="0.951"/>
  <system-out/>
  <testcase classname="tests.CalculatorFunctionalityTest" name="subtractTest" time="2.396"/>
  <system-out/>
  <testcase classname="tests.CalculatorFunctionalityTest" name="subtractTest" time="0.973"/>
  <system-out/>
  <testcase classname="tests.CalculatorFunctionalityTest" name="subtractTest" time="0.938"/>
  <system-out/>
  <testcase classname="tests.CalculatorFunctionalityTest" name="multiplyTest" time="0.985"/>
  <system-out/>
  <testcase classname="tests.CalculatorFunctionalityTest" name="multiplyTest" time="0.964"/>
  <system-out/>
  <testcase classname="tests.CalculatorFunctionalityTest" name="multiplyTest" time="0.949"/>
  <system-out/>
  <testcase classname="tests.CalculatorFunctionalityTest" name="multiplyTest" time="0.941"/>
  <system-out/>
  <testcase classname="tests.CalculatorFunctionalityTest" name="multiplyTest" time="1.022"/>
  <system-out/>
  <testcase classname="tests.CalculatorFunctionalityTest" name="divideTest" time="0.972"/>
  <system-out/>
  <testcase classname="tests.CalculatorFunctionalityTest" name="divideTest" time="0.934"/>
  <system-out/>
  <testcase classname="tests.CalculatorFunctionalityTest" name="divideTest" time="0.984"/>
  <system-out/>
  <testcase classname="tests.CalculatorFunctionalityTest" name="divideTest" time="0.977"/>
  <system-out/>
  <testcase classname="tests.CalculatorFunctionalityTest" name="divideTest" time="0.999"/>
  <system-out/>
  <testcase classname="tests.CalculatorFunctionalityTest" name="floatingPointTest" time="3.080"/>
  <system-out/>
  <testcase classname="tests.CalculatorFunctionalityTest" name="changeActionTest" time="3.085"/>
  <system-out/>
  <testcase classname="tests.CalculatorFunctionalityTest" name="clearButtonTest" time="1.299"/>
  <system-out/>
</testsuite> <!-- tests.CalculatorFunctionalityTest -->
